Arguments: 
  /Users/yuya/.nvm/versions/node/v12.13.0/bin/node /usr/local/Cellar/yarn/1.5.1_1/libexec/bin/yarn.js build

PATH: 
  /Users/yuya/.nvm/versions/node/v12.13.0/bin:/Library/Java/JavaVirtualMachines/jdk1.8.0_191.jdk/Contents/Home/bin:/Volumes/Data/work/samuel/google-cloud-sdk/bin:/Library/Frameworks/Python.framework/Versions/3.6/bin:/usr/local/bin:/Users/yuya/.rvm/gems/ruby-2.3.1/bin:/Users/yuya/.rvm/gems/ruby-2.3.1@global/bin:/Users/yuya/.rvm/rubies/ruby-2.3.1/bin:/usr/local/bin:/usr/bin:/bin:/usr/sbin:/sbin:/Applications/VMware Fusion.app/Contents/Public:/opt/X11/bin:/Applications/Wireshark.app/Contents/MacOS:/Users/yuya/.rvm/bin:/Users/yuya/Library/Android/sdk//bin:/usr/local/:/usr/local/mysql/bin:/Users/yuya/Library/Android/sdk//tools:/Users/yuya/Library/Android/sdk//platform-tools:/Users/yuya/Library/Android/sdk//emulator:/Users/yuya/Library/Android/sdk//tools/bin:/Volumes/Data/packages/apache-maven-3.6.1/bin

Yarn version: 
  1.5.1

Node version: 
  12.13.0

Platform: 
  darwin x64

npm manifest: 
  No manifest

yarn manifest: 
  No manifest

Lockfile: 
  No lockfile

Trace: 
  Error: Couldn't find a package.json file in "/Volumes/Data/work/winston/src/zap"
      at new MessageError (/usr/local/Cellar/yarn/1.5.1_1/libexec/lib/cli.js:186:110)
      at /usr/local/Cellar/yarn/1.5.1_1/libexec/lib/cli.js:40048:15
      at Generator.next (<anonymous>)
      at step (/usr/local/Cellar/yarn/1.5.1_1/libexec/lib/cli.js:98:30)
      at /usr/local/Cellar/yarn/1.5.1_1/libexec/lib/cli.js:109:13
